# JRE version: Java(TM) SE Runtime Environment (8.0_131-b11) (build 1.8.0_131-b11)
# Java VM: Java HotSpot(TM) 64-Bit Server VM (25.131-b11 mixed mode windows-amd64 compressed oops)
Heap:
 PSYoungGen      total 141824K, used 73595K [0x000000076b000000, 0x000000077d100000, 0x00000007c0000000)
  eden space 131072K, 56% used [0x000000076b000000,0x000000076f7defb8,0x0000000773000000)
  from space 10752K, 0% used [0x0000000773000000,0x0000000773000000,0x0000000773a80000)
  to   space 16896K, 0% used [0x000000077c080000,0x000000077c080000,0x000000077d100000)
 ParOldGen       total 98304K, used 19982K [0x00000006c1000000, 0x00000006c7000000, 0x000000076b000000)
  object space 98304K, 20% used [0x00000006c1000000,0x00000006c2383b30,0x00000006c7000000)
 Metaspace       used 23293K, capacity 23886K, committed 24192K, reserved 1071104K
  class space    used 2725K, capacity 2824K, committed 2944K, reserved 1048576K
GC Heap History (10 events):
Event: 10.472 GC heap before
{Heap before GC invocations=2 (full 0):
 PSYoungGen      total 76288K, used 75469K [0x000000076b000000, 0x0000000770500000, 0x00000007c0000000)
  eden space 65536K, 100% used [0x000000076b000000,0x000000076f000000,0x000000076f000000)
  from space 10752K, 92% used [0x000000076f000000,0x000000076f9b36e0,0x000000076fa80000)
  to   space 10752K, 0% used [0x000000076fa80000,0x000000076fa80000,0x0000000770500000)
 ParOldGen       total 175104K, used 16K [0x00000006c1000000, 0x00000006cbb00000, 0x000000076b000000)
  object space 175104K, 0% used [0x00000006c1000000,0x00000006c1004000,0x00000006cbb00000)
 Metaspace       used 16089K, capacity 16306K, committed 16640K, reserved 1064960K
  class space    used 1915K, capacity 2010K, committed 2048K, reserved 1048576K
Event: 13.914 GC heap after
Heap after GC invocations=2 (full 0):
 PSYoungGen      total 76288K, used 10731K [0x000000076b000000, 0x0000000774500000, 0x00000007c0000000)
  eden space 65536K, 0% used [0x000000076b000000,0x000000076b000000,0x000000076f000000)
  from space 10752K, 99% used [0x000000076fa80000,0x00000007704fae40,0x0000000770500000)
  to   space 10752K, 0% used [0x000000076f000000,0x000000076f000000,0x000000076fa80000)
 ParOldGen       total 175104K, used 1637K [0x00000006c1000000, 0x00000006cbb00000, 0x000000076b000000)
  object space 175104K, 0% used [0x00000006c1000000,0x00000006c11994e8,0x00000006cbb00000)
 Metaspace       used 16089K, capacity 16306K, committed 16640K, reserved 1064960K
  class space    used 1915K, capacity 2010K, committed 2048K, reserved 1048576K
}
Event: 20.365 GC heap before
{Heap before GC invocations=3 (full 0):
 PSYoungGen      total 76288K, used 76267K [0x000000076b000000, 0x0000000774500000, 0x00000007c0000000)
  eden space 65536K, 100% used [0x000000076b000000,0x000000076f000000,0x000000076f000000)
  from space 10752K, 99% used [0x000000076fa80000,0x00000007704fae40,0x0000000770500000)
  to   space 10752K, 0% used [0x000000076f000000,0x000000076f000000,0x000000076fa80000)
 ParOldGen       total 175104K, used 1637K [0x00000006c1000000, 0x00000006cbb00000, 0x000000076b000000)
  object space 175104K, 0% used [0x00000006c1000000,0x00000006c11994e8,0x00000006cbb00000)
 Metaspace       used 16651K, capacity 16986K, committed 17152K, reserved 1064960K
  class space    used 1923K, capacity 2016K, committed 2048K, reserved 1048576K
Event: 20.732 GC heap after
Heap after GC invocations=3 (full 0):
 PSYoungGen      total 76288K, used 10728K [0x000000076b000000, 0x0000000774500000, 0x00000007c0000000)
  eden space 65536K, 0% used [0x000000076b000000,0x000000076b000000,0x000000076f000000)
  from space 10752K, 99% used [0x000000076f000000,0x000000076fa7a040,0x000000076fa80000)
  to   space 10752K, 0% used [0x0000000773a80000,0x0000000773a80000,0x0000000774500000)
 ParOldGen       total 175104K, used 6757K [0x00000006c1000000, 0x00000006cbb00000, 0x000000076b000000)
  object space 175104K, 3% used [0x00000006c1000000,0x00000006c16994e8,0x00000006cbb00000)
 Metaspace       used 16651K, capacity 16986K, committed 17152K, reserved 1064960K
  class space    used 1923K, capacity 2016K, committed 2048K, reserved 1048576K
}
Event: 30.756 GC heap before
{Heap before GC invocations=4 (full 0):
 PSYoungGen      total 76288K, used 76264K [0x000000076b000000, 0x0000000774500000, 0x00000007c0000000)
  eden space 65536K, 100% used [0x000000076b000000,0x000000076f000000,0x000000076f000000)
  from space 10752K, 99% used [0x000000076f000000,0x000000076fa7a040,0x000000076fa80000)
  to   space 10752K, 0% used [0x0000000773a80000,0x0000000773a80000,0x0000000774500000)
 ParOldGen       total 175104K, used 6757K [0x00000006c1000000, 0x00000006cbb00000, 0x000000076b000000)
  object space 175104K, 3% used [0x00000006c1000000,0x00000006c16994e8,0x00000006cbb00000)
 Metaspace       used 17765K, capacity 18212K, committed 18560K, reserved 1064960K
  class space    used 2021K, capacity 2123K, committed 2176K, reserved 1048576K
Event: 30.953 GC heap after
Heap after GC invocations=4 (full 0):
 PSYoungGen      total 141824K, used 10744K [0x000000076b000000, 0x0000000774500000, 0x00000007c0000000)
  eden space 131072K, 0% used [0x000000076b000000,0x000000076b000000,0x0000000773000000)
  from space 10752K, 99% used [0x0000000773a80000,0x00000007744fe050,0x0000000774500000)
  to   space 10752K, 0% used [0x0000000773000000,0x0000000773000000,0x0000000773a80000)
 ParOldGen       total 175104K, used 10365K [0x00000006c1000000, 0x00000006cbb00000, 0x000000076b000000)
  object space 175104K, 5% used [0x00000006c1000000,0x00000006c1a1f658,0x00000006cbb00000)
 Metaspace       used 17765K, capacity 18212K, committed 18560K, reserved 1064960K
  class space    used 2021K, capacity 2123K, committed 2176K, reserved 1048576K
}
Event: 34.164 GC heap before
{Heap before GC invocations=5 (full 0):
 PSYoungGen      total 141824K, used 36989K [0x000000076b000000, 0x0000000774500000, 0x00000007c0000000)
  eden space 131072K, 20% used [0x000000076b000000,0x000000076c9a1670,0x0000000773000000)
  from space 10752K, 99% used [0x0000000773a80000,0x00000007744fe050,0x0000000774500000)
  to   space 10752K, 0% used [0x0000000773000000,0x0000000773000000,0x0000000773a80000)
 ParOldGen       total 175104K, used 10365K [0x00000006c1000000, 0x00000006cbb00000, 0x000000076b000000)
  object space 175104K, 5% used [0x00000006c1000000,0x00000006c1a1f658,0x00000006cbb00000)
 Metaspace       used 20614K, capacity 21130K, committed 21248K, reserved 1069056K
  class space    used 2401K, capacity 2524K, committed 2560K, reserved 1048576K
Event: 35.007 GC heap after
Heap after GC invocations=5 (full 0):
 PSYoungGen      total 141824K, used 10744K [0x000000076b000000, 0x000000077d100000, 0x00000007c0000000)
  eden space 131072K, 0% used [0x000000076b000000,0x000000076b000000,0x0000000773000000)
  from space 10752K, 99% used [0x0000000773000000,0x0000000773a7e050,0x0000000773a80000)
  to   space 16896K, 0% used [0x000000077c080000,0x000000077c080000,0x000000077d100000)
 ParOldGen       total 175104K, used 12282K [0x00000006c1000000, 0x00000006cbb00000, 0x000000076b000000)
  object space 175104K, 7% used [0x00000006c1000000,0x00000006c1bfea68,0x00000006cbb00000)
 Metaspace       used 20614K, capacity 21130K, committed 21248K, reserved 1069056K
  class space    used 2401K, capacity 2524K, committed 2560K, reserved 1048576K
}
Event: 35.007 GC heap before
{Heap before GC invocations=6 (full 1):
 PSYoungGen      total 141824K, used 10744K [0x000000076b000000, 0x000000077d100000, 0x00000007c0000000)
  eden space 131072K, 0% used [0x000000076b000000,0x000000076b000000,0x0000000773000000)
  from space 10752K, 99% used [0x0000000773000000,0x0000000773a7e050,0x0000000773a80000)
  to   space 16896K, 0% used [0x000000077c080000,0x000000077c080000,0x000000077d100000)
 ParOldGen       total 175104K, used 12282K [0x00000006c1000000, 0x00000006cbb00000, 0x000000076b000000)
  object space 175104K, 7% used [0x00000006c1000000,0x00000006c1bfea68,0x00000006cbb00000)
 Metaspace       used 20614K, capacity 21130K, committed 21248K, reserved 1069056K
  class space    used 2401K, capacity 2524K, committed 2560K, reserved 1048576K
Event: 35.597 GC heap after
Heap after GC invocations=6 (full 1):
 PSYoungGen      total 141824K, used 0K [0x000000076b000000, 0x000000077d100000, 0x00000007c0000000)
  eden space 131072K, 0% used [0x000000076b000000,0x000000076b000000,0x0000000773000000)
  from space 10752K, 0% used [0x0000000773000000,0x0000000773000000,0x0000000773a80000)
  to   space 16896K, 0% used [0x000000077c080000,0x000000077c080000,0x000000077d100000)
 ParOldGen       total 98304K, used 19982K [0x00000006c1000000, 0x00000006c7000000, 0x000000076b000000)
  object space 98304K, 20% used [0x00000006c1000000,0x00000006c2383b30,0x00000006c7000000)
 Metaspace       used 20614K, capacity 21130K, committed 21248K, reserved 1069056K
  class space    used 2401K, capacity 2524K, committed 2560K, reserved 1048576K
}

