# JRE version: Java(TM) SE Runtime Environment (8.0_131-b11) (build 1.8.0_131-b11)
# Java VM: Java HotSpot(TM) 64-Bit Server VM (25.131-b11 mixed mode windows-amd64 compressed oops)
Heap:
 PSYoungGen      total 76288K, used 38901K [0x000000076b000000, 0x0000000770500000, 0x00000007c0000000)
  eden space 65536K, 59% used [0x000000076b000000,0x000000076d5fd5f8,0x000000076f000000)
  from space 10752K, 0% used [0x000000076f000000,0x000000076f000000,0x000000076fa80000)
  to   space 10752K, 0% used [0x000000076fa80000,0x000000076fa80000,0x0000000770500000)
 ParOldGen       total 123392K, used 9494K [0x00000006c1000000, 0x00000006c8880000, 0x000000076b000000)
  object space 123392K, 7% used [0x00000006c1000000,0x00000006c19459f8,0x00000006c8880000)
 Metaspace       used 15680K, capacity 15942K, committed 16128K, reserved 1064960K
  class space    used 1883K, capacity 1976K, committed 2048K, reserved 1048576K
GC Heap History (4 events):
Event: 11.546 GC heap before
{Heap before GC invocations=1 (full 0):
 PSYoungGen      total 76288K, used 65536K [0x000000076b000000, 0x0000000770500000, 0x00000007c0000000)
  eden space 65536K, 100% used [0x000000076b000000,0x000000076f000000,0x000000076f000000)
  from space 10752K, 0% used [0x000000076fa80000,0x000000076fa80000,0x0000000770500000)
  to   space 10752K, 0% used [0x000000076f000000,0x000000076f000000,0x000000076fa80000)
 ParOldGen       total 175104K, used 0K [0x00000006c1000000, 0x00000006cbb00000, 0x000000076b000000)
  object space 175104K, 0% used [0x00000006c1000000,0x00000006c1000000,0x00000006cbb00000)
 Metaspace       used 11773K, capacity 11966K, committed 12160K, reserved 1064960K
  class space    used 1431K, capacity 1542K, committed 1664K, reserved 1048576K
Event: 11.613 GC heap after
Heap after GC invocations=1 (full 0):
 PSYoungGen      total 76288K, used 9998K [0x000000076b000000, 0x0000000770500000, 0x00000007c0000000)
  eden space 65536K, 0% used [0x000000076b000000,0x000000076b000000,0x000000076f000000)
  from space 10752K, 92% used [0x000000076f000000,0x000000076f9c3af0,0x000000076fa80000)
  to   space 10752K, 0% used [0x000000076fa80000,0x000000076fa80000,0x0000000770500000)
 ParOldGen       total 175104K, used 16K [0x00000006c1000000, 0x00000006cbb00000, 0x000000076b000000)
  object space 175104K, 0% used [0x00000006c1000000,0x00000006c1004000,0x00000006cbb00000)
 Metaspace       used 11773K, capacity 11966K, committed 12160K, reserved 1064960K
  class space    used 1431K, capacity 1542K, committed 1664K, reserved 1048576K
}
Event: 11.613 GC heap before
{Heap before GC invocations=2 (full 1):
 PSYoungGen      total 76288K, used 9998K [0x000000076b000000, 0x0000000770500000, 0x00000007c0000000)
  eden space 65536K, 0% used [0x000000076b000000,0x000000076b000000,0x000000076f000000)
  from space 10752K, 92% used [0x000000076f000000,0x000000076f9c3af0,0x000000076fa80000)
  to   space 10752K, 0% used [0x000000076fa80000,0x000000076fa80000,0x0000000770500000)
 ParOldGen       total 175104K, used 16K [0x00000006c1000000, 0x00000006cbb00000, 0x000000076b000000)
  object space 175104K, 0% used [0x00000006c1000000,0x00000006c1004000,0x00000006cbb00000)
 Metaspace       used 11773K, capacity 11966K, committed 12160K, reserved 1064960K
  class space    used 1431K, capacity 1542K, committed 1664K, reserved 1048576K
Event: 11.794 GC heap after
Heap after GC invocations=2 (full 1):
 PSYoungGen      total 76288K, used 0K [0x000000076b000000, 0x0000000770500000, 0x00000007c0000000)
  eden space 65536K, 0% used [0x000000076b000000,0x000000076b000000,0x000000076f000000)
  from space 10752K, 0% used [0x000000076f000000,0x000000076f000000,0x000000076fa80000)
  to   space 10752K, 0% used [0x000000076fa80000,0x000000076fa80000,0x0000000770500000)
 ParOldGen       total 123392K, used 9494K [0x00000006c1000000, 0x00000006c8880000, 0x000000076b000000)
  object space 123392K, 7% used [0x00000006c1000000,0x00000006c19459f8,0x00000006c8880000)
 Metaspace       used 11773K, capacity 11966K, committed 12160K, reserved 1062912K
  class space    used 1431K, capacity 1542K, committed 1664K, reserved 1048576K
}

